[0m2022-07-25 10:13:22 V/Net 313521996: No server list cached.[0m
[92m2022-07-25 10:13:22 I/Net 313521996: ECDH key is invalid, start to fetch ecdh public key from server.[0m
[92m2022-07-25 10:13:24 I/Net 313521996: Successfully fetched ecdh public key from server.[0m
[0m2022-07-25 10:13:24 V/Net 313521996: Send: wtlogin.login[0m
[0m2022-07-25 10:13:24 V/Net 313521996: Recv: wtlogin.login[0m
[0m2022-07-25 10:14:30 V/Net 313521996: Send: wtlogin.login[0m
[0m2022-07-25 10:14:31 V/Net 313521996: Recv: wtlogin.login[0m
[91m2022-07-25 10:14:31 W/Net 313521996: net.mamoe.mirai.network.WrongPasswordException: Error(bot=Bot(313521996), code=237, title=å®‰å…¨æé†’, message=å½“å‰ç™»å½•å­˜åœ¨å®‰å…¨é£é™©ï¼Œè¯·ä½¿ç”¨å¸¸ç”¨è®¾å¤‡æˆ–é€šè¿‡æ‰‹æœºå·ç™»å½•ã€‚, errorInfo=)
net.mamoe.mirai.network.WrongPasswordException: Error(bot=Bot(313521996), code=237, title=å®‰å…¨æé†’, message=å½“å‰ç™»å½•å­˜åœ¨å®‰å…¨é£é™©ï¼Œè¯·ä½¿ç”¨å¸¸ç”¨è®¾å¤‡æˆ–é€šè¿‡æ‰‹æœºå·ç™»å½•ã€‚, errorInfo=)
	at net.mamoe.mirai.internal.network.components.SsoProcessorImpl$SlowLoginImpl.doLogin(SsoProcessor.kt:284)
	at net.mamoe.mirai.internal.network.components.SsoProcessorImpl$SlowLoginImpl$doLogin$1.invokeSuspend(SsoProcessor.kt)
	at kotlin.coroutines.jvm.internal.BaseContinuationImpl.resumeWith(ContinuationImpl.kt:33)
	at kotlinx.coroutines.internal.ScopeCoroutine.afterResume(Scopes.kt:33)
	at kotlinx.coroutines.AbstractCoroutine.resumeWith(AbstractCoroutine.kt:102)
	at kotlin.coroutines.jvm.internal.BaseContinuationImpl.resumeWith(ContinuationImpl.kt:46)
	at kotlinx.coroutines.DispatchedTask.run(DispatchedTask.kt:106)
	at kotlinx.coroutines.scheduling.CoroutineScheduler.runSafely(CoroutineScheduler.kt:570)
	at kotlinx.coroutines.scheduling.CoroutineScheduler$Worker.executeTask(CoroutineScheduler.kt:749)
	at kotlinx.coroutines.scheduling.CoroutineScheduler$Worker.runWorker(CoroutineScheduler.kt:677)
	at kotlinx.coroutines.scheduling.CoroutineScheduler$Worker.run(CoroutineScheduler.kt:664)
[0m
[0m2022-07-25 10:15:50 V/Net 313521996: No server list cached.[0m
[92m2022-07-25 10:15:50 I/Net 313521996: ECDH key is invalid, start to fetch ecdh public key from server.[0m
[92m2022-07-25 10:15:51 I/Net 313521996: Successfully fetched ecdh public key from server.[0m
[0m2022-07-25 10:15:51 V/Net 313521996: Send: wtlogin.login[0m
[0m2022-07-25 10:15:51 V/Net 313521996: Recv: wtlogin.login[0m
[0m2022-07-25 10:16:15 V/Net 313521996: Send: wtlogin.login[0m
[0m2022-07-25 10:16:15 V/Net 313521996: Recv: wtlogin.login[0m
[91m2022-07-25 10:16:15 W/Net 313521996: net.mamoe.mirai.network.WrongPasswordException: Error(bot=Bot(313521996), code=237, title=å®‰å…¨æé†’, message=å½“å‰ç™»å½•å­˜åœ¨å®‰å…¨é£é™©ï¼Œè¯·ä½¿ç”¨å¸¸ç”¨è®¾å¤‡æˆ–é€šè¿‡æ‰‹æœºå·ç™»å½•ã€‚, errorInfo=)
net.mamoe.mirai.network.WrongPasswordException: Error(bot=Bot(313521996), code=237, title=å®‰å…¨æé†’, message=å½“å‰ç™»å½•å­˜åœ¨å®‰å…¨é£é™©ï¼Œè¯·ä½¿ç”¨å¸¸ç”¨è®¾å¤‡æˆ–é€šè¿‡æ‰‹æœºå·ç™»å½•ã€‚, errorInfo=)
	at net.mamoe.mirai.internal.network.components.SsoProcessorImpl$SlowLoginImpl.doLogin(SsoProcessor.kt:284)
	at net.mamoe.mirai.internal.network.components.SsoProcessorImpl$SlowLoginImpl$doLogin$1.invokeSuspend(SsoProcessor.kt)
	at kotlin.coroutines.jvm.internal.BaseContinuationImpl.resumeWith(ContinuationImpl.kt:33)
	at kotlinx.coroutines.internal.ScopeCoroutine.afterResume(Scopes.kt:33)
	at kotlinx.coroutines.AbstractCoroutine.resumeWith(AbstractCoroutine.kt:102)
	at kotlin.coroutines.jvm.internal.BaseContinuationImpl.resumeWith(ContinuationImpl.kt:46)
	at kotlinx.coroutines.DispatchedTask.run(DispatchedTask.kt:106)
	at kotlinx.coroutines.scheduling.CoroutineScheduler.runSafely(CoroutineScheduler.kt:570)
	at kotlinx.coroutines.scheduling.CoroutineScheduler$Worker.executeTask(CoroutineScheduler.kt:749)
	at kotlinx.coroutines.scheduling.CoroutineScheduler$Worker.runWorker(CoroutineScheduler.kt:677)
	at kotlinx.coroutines.scheduling.CoroutineScheduler$Worker.run(CoroutineScheduler.kt:664)
[0m
[0m2022-07-25 10:23:59 V/Net 313521996: No server list cached.[0m
[92m2022-07-25 10:23:59 I/Net 313521996: ECDH key is invalid, start to fetch ecdh public key from server.[0m
[92m2022-07-25 10:23:59 I/Net 313521996: Successfully fetched ecdh public key from server.[0m
[0m2022-07-25 10:23:59 V/Net 313521996: Send: wtlogin.login[0m
[0m2022-07-25 10:24:00 V/Net 313521996: Recv: wtlogin.login[0m
[0m2022-07-25 10:24:32 V/Net 313521996: Send: wtlogin.login[0m
[0m2022-07-25 10:24:33 V/Net 313521996: Recv: wtlogin.login[0m
[0m2022-07-25 10:25:42 V/Net 313521996: Send: wtlogin.login[0m
[0m2022-07-25 10:25:42 V/Net 313521996: Recv: wtlogin.login[0m
[0m2022-07-25 10:25:43 V/Net 313521996: Send: StatSvc.register(online)[0m
[92m2022-07-25 10:25:43 I/Net 313521996: Server time updated, serverTime: 1658715943, diff: 0ms=0.0s[0m
[0m2022-07-25 10:25:43 V/Net 313521996: Recv: StatSvc.register[0m
[0m2022-07-25 10:25:43 V/Net 313521996: No BdhSession cache[0m
[92m2022-07-25 10:25:43 I/Net 313521996: Syncing friend message history...[0m
[92m2022-07-25 10:25:43 I/Net 313521996: Start loading friend list...[0m
[92m2022-07-25 10:25:43 I/Net 313521996: Start loading stranger list...[0m
[0m2022-07-25 10:25:43 V/Net 313521996: Send: StatSvc.GetDevLoginInfo(StatSvc.GetDevLoginInfo)[0m
[0m2022-07-25 10:25:43 V/Net 313521996: Send: OidbSvc.0x496(OidbSvc.0x496)[0m
[0m2022-07-25 10:25:43 V/Net 313521996: Send: friendlist.getFriendGroupList(friendlist.getFriendGroupList)[0m
[0m2022-07-25 10:25:43 V/Net 313521996: Send: OidbSvc.0x5d2_0(OidbSvc.0x5d2_0)[0m
[0m2022-07-25 10:25:43 V/Net 313521996: Recv: StatSvc.GetDevLoginInfo[0m
[92m2022-07-25 10:25:43 I/Net 313521996: Online OtherClients: Konata 2020(MOBILE)[0m
[0m2022-07-25 10:25:43 V/Net 313521996: Recv: OidbSvc.0x5d2_0[0m
[92m2022-07-25 10:25:43 I/Net 313521996: Successfully loaded stranger list: 1 in total[0m
[0m2022-07-25 10:25:43 V/Net 313521996: Recv: OidbSvc.0x496[0m
[92m2022-07-25 10:25:43 I/Net 313521996: Start loading group list...[0m
[0m2022-07-25 10:25:43 V/Net 313521996: Send: friendlist.GetTroopListReqV2(friendlist.GetTroopListReqV2)[0m
[92m2022-07-25 10:25:44 I/Net 313521996: Syncing friend message history: Success.[0m
[0m2022-07-25 10:25:44 V/Net 313521996: Recv: friendlist.getFriendGroupList[0m
[0m2022-07-25 10:25:44 V/Net 313521996: Loading friend list: 150/667[0m
[0m2022-07-25 10:25:44 V/Net 313521996: Send: friendlist.getFriendGroupList(friendlist.getFriendGroupList)[0m
[0m2022-07-25 10:25:44 V/Net 313521996: Recv: friendlist.GetTroopListReqV2[0m
[0m2022-07-25 10:25:44 V/Net 313521996: Send: friendlist.GetTroopMemberListReq(friendlist.GetTroopMemberListReq)[0m
[0m2022-07-25 10:25:44 V/Net 313521996: Send: friendlist.GetTroopMemberListReq(friendlist.GetTroopMemberListReq)[0m
[0m2022-07-25 10:25:44 V/Net 313521996: Send: friendlist.GetTroopMemberListReq(friendlist.GetTroopMemberListReq)[0m
[0m2022-07-25 10:25:44 V/Net 313521996: Send: friendlist.GetTroopMemberListReq(friendlist.GetTroopMemberListReq)[0m
[0m2022-07-25 10:25:44 V/Net 313521996: Send: friendlist.GetTroopMemberListReq(friendlist.GetTroopMemberListReq)[0m
[0m2022-07-25 10:25:44 V/Net 313521996: Send: friendlist.GetTroopMemberListReq(friendlist.GetTroopMemberListReq)[0m
[0m2022-07-25 10:25:44 V/Net 313521996: Send: friendlist.GetTroopMemberListReq(friendlist.GetTroopMemberListReq)[0m
[0m2022-07-25 10:25:44 V/Net 313521996: Send: friendlist.GetTroopMemberListReq(friendlist.GetTroopMemberListReq)[0m
[0m2022-07-25 10:25:44 V/Net 313521996: Send: friendlist.GetTroopMemberListReq(friendlist.GetTroopMemberListReq)[0m
[0m2022-07-25 10:25:44 V/Net 313521996: Send: friendlist.GetTroopMemberListReq(friendlist.GetTroopMemberListReq)[0m
[0m2022-07-25 10:25:44 V/Net 313521996: Send: friendlist.GetTroopMemberListReq(friendlist.GetTroopMemberListReq)[0m
[0m2022-07-25 10:25:44 V/Net 313521996: Send: friendlist.GetTroopMemberListReq(friendlist.GetTroopMemberListReq)[0m
[0m2022-07-25 10:25:44 V/Net 313521996: Send: friendlist.GetTroopMemberListReq(friendlist.GetTroopMemberListReq)[0m
[0m2022-07-25 10:25:44 V/Net 313521996: Send: friendlist.GetTroopMemberListReq(friendlist.GetTroopMemberListReq)[0m
[0m2022-07-25 10:25:44 V/Net 313521996: Send: friendlist.GetTroopMemberListReq(friendlist.GetTroopMemberListReq)[0m
[0m2022-07-25 10:25:44 V/Net 313521996: Send: friendlist.GetTroopMemberListReq(friendlist.GetTroopMemberListReq)[0m
[0m2022-07-25 10:25:44 V/Net 313521996: Send: friendlist.GetTroopMemberListReq(friendlist.GetTroopMemberListReq)[0m
[0m2022-07-25 10:25:44 V/Net 313521996: Send: friendlist.GetTroopMemberListReq(friendlist.GetTroopMemberListReq)[0m
[0m2022-07-25 10:25:44 V/Net 313521996: Send: friendlist.GetTroopMemberListReq(friendlist.GetTroopMemberListReq)[0m
[0m2022-07-25 10:25:44 V/Net 313521996: Send: friendlist.GetTroopMemberListReq(friendlist.GetTroopMemberListReq)[0m
[0m2022-07-25 10:25:44 V/Net 313521996: Send: friendlist.GetTroopMemberListReq(friendlist.GetTroopMemberListReq)[0m
[0m2022-07-25 10:25:44 V/Net 313521996: Send: friendlist.GetTroopMemberListReq(friendlist.GetTroopMemberListReq)[0m
[0m2022-07-25 10:25:44 V/Net 313521996: Send: friendlist.GetTroopMemberListReq(friendlist.GetTroopMemberListReq)[0m
[0m2022-07-25 10:25:44 V/Net 313521996: Send: friendlist.GetTroopMemberListReq(friendlist.GetTroopMemberListReq)[0m
[0m2022-07-25 10:25:44 V/Net 313521996: Send: friendlist.GetTroopMemberListReq(friendlist.GetTroopMemberListReq)[0m
[0m2022-07-25 10:25:44 V/Net 313521996: Send: friendlist.GetTroopMemberListReq(friendlist.GetTroopMemberListReq)[0m
[0m2022-07-25 10:25:44 V/Net 313521996: Send: friendlist.GetTroopMemberListReq(friendlist.GetTroopMemberListReq)[0m
[0m2022-07-25 10:25:44 V/Net 313521996: Send: friendlist.GetTroopMemberListReq(friendlist.GetTroopMemberListReq)[0m
[0m2022-07-25 10:25:44 V/Net 313521996: Send: friendlist.GetTroopMemberListReq(friendlist.GetTroopMemberListReq)[0m
[0m2022-07-25 10:25:44 V/Net 313521996: Send: friendlist.GetTroopMemberListReq(friendlist.GetTroopMemberListReq)[0m
[0m2022-07-25 10:25:44 V/Net 313521996: Recv: friendlist.getFriendGroupList[0m
[0m2022-07-25 10:25:44 V/Net 313521996: Loading friend list: 300/667[0m
[0m2022-07-25 10:25:44 V/Net 313521996: Send: friendlist.getFriendGroupList(friendlist.getFriendGroupList)[0m
[0m2022-07-25 10:25:45 V/Net 313521996: Recv: friendlist.GetTroopMemberListReq[0m
[0m2022-07-25 10:25:45 V/Net 313521996: Recv: friendlist.GetTroopMemberListReq[0m
[0m2022-07-25 10:25:45 V/Net 313521996: Recv: friendlist.GetTroopMemberListReq[0m
[0m2022-07-25 10:25:45 V/Net 313521996: Recv: friendlist.GetTroopMemberListReq[0m
[0m2022-07-25 10:25:45 V/Net 313521996: Recv: friendlist.GetTroopMemberListReq[0m
[0m2022-07-25 10:25:45 V/Net 313521996: Recv: friendlist.GetTroopMemberListReq[0m
[0m2022-07-25 10:25:45 V/Net 313521996: Recv: friendlist.GetTroopMemberListReq[0m
[0m2022-07-25 10:25:45 V/Net 313521996: Recv: friendlist.GetTroopMemberListReq[0m
[0m2022-07-25 10:25:45 V/Net 313521996: Send: friendlist.GetTroopMemberListReq(friendlist.GetTroopMemberListReq)[0m
[0m2022-07-25 10:25:45 V/Net 313521996: Send: friendlist.GetTroopMemberListReq(friendlist.GetTroopMemberListReq)[0m
[0m2022-07-25 10:25:45 V/Net 313521996: Send: friendlist.GetTroopMemberListReq(friendlist.GetTroopMemberListReq)[0m
[0m2022-07-25 10:25:45 V/Net 313521996: Send: friendlist.GetTroopMemberListReq(friendlist.GetTroopMemberListReq)[0m
[0m2022-07-25 10:25:45 V/Net 313521996: Send: friendlist.GetTroopMemberListReq(friendlist.GetTroopMemberListReq)[0m
[0m2022-07-25 10:25:45 V/Net 313521996: Send: friendlist.GetTroopMemberListReq(friendlist.GetTroopMemberListReq)[0m
[0m2022-07-25 10:25:45 V/Net 313521996: Send: friendlist.GetTroopMemberListReq(friendlist.GetTroopMemberListReq)[0m
[0m2022-07-25 10:25:45 V/Net 313521996: Send: friendlist.GetTroopMemberListReq(friendlist.GetTroopMemberListReq)[0m
[0m2022-07-25 10:25:45 V/Net 313521996: Recv: friendlist.GetTroopMemberListReq[0m
[0m2022-07-25 10:25:45 V/Net 313521996: Send: friendlist.GetTroopMemberListReq(friendlist.GetTroopMemberListReq)[0m
[0m2022-07-25 10:25:45 V/Net 313521996: Recv: friendlist.GetTroopMemberListReq[0m
[0m2022-07-25 10:25:45 V/Net 313521996: Recv: friendlist.GetTroopMemberListReq[0m
[0m2022-07-25 10:25:45 V/Net 313521996: Loading friend list: 450/667[0m
[0m2022-07-25 10:25:45 V/Net 313521996: Recv: friendlist.getFriendGroupList[0m
[0m2022-07-25 10:25:45 V/Net 313521996: Send: friendlist.GetTroopMemberListReq(friendlist.GetTroopMemberListReq)[0m
[0m2022-07-25 10:25:45 V/Net 313521996: Send: friendlist.getFriendGroupList(friendlist.getFriendGroupList)[0m
[0m2022-07-25 10:25:45 V/Net 313521996: Send: friendlist.GetTroopMemberListReq(friendlist.GetTroopMemberListReq)[0m
[0m2022-07-25 10:25:45 V/Net 313521996: Recv: friendlist.GetTroopMemberListReq[0m
[0m2022-07-25 10:25:45 V/Net 313521996: Recv: friendlist.GetTroopMemberListReq[0m
[0m2022-07-25 10:25:45 V/Net 313521996: Send: friendlist.GetTroopMemberListReq(friendlist.GetTroopMemberListReq)[0m
[0m2022-07-25 10:25:45 V/Net 313521996: Send: friendlist.GetTroopMemberListReq(friendlist.GetTroopMemberListReq)[0m
[0m2022-07-25 10:25:45 V/Net 313521996: Recv: friendlist.GetTroopMemberListReq[0m
[0m2022-07-25 10:25:45 V/Net 313521996: Recv: friendlist.GetTroopMemberListReq[0m
[0m2022-07-25 10:25:45 V/Net 313521996: Recv: friendlist.GetTroopMemberListReq[0m
[0m2022-07-25 10:25:45 V/Net 313521996: Send: friendlist.GetTroopMemberListReq(friendlist.GetTroopMemberListReq)[0m
[0m2022-07-25 10:25:45 V/Net 313521996: Recv: friendlist.GetTroopMemberListReq[0m
[0m2022-07-25 10:25:45 V/Net 313521996: Recv: friendlist.GetTroopMemberListReq[0m
[0m2022-07-25 10:25:45 V/Net 313521996: Send: friendlist.GetTroopMemberListReq(friendlist.GetTroopMemberListReq)[0m
[0m2022-07-25 10:25:45 V/Net 313521996: Send: friendlist.GetTroopMemberListReq(friendlist.GetTroopMemberListReq)[0m
[0m2022-07-25 10:25:45 V/Net 313521996: Send: friendlist.GetTroopMemberListReq(friendlist.GetTroopMemberListReq)[0m
[0m2022-07-25 10:25:45 V/Net 313521996: Send: friendlist.GetTroopMemberListReq(friendlist.GetTroopMemberListReq)[0m
[0m2022-07-25 10:25:45 V/Net 313521996: Recv: friendlist.GetTroopMemberListReq[0m
[0m2022-07-25 10:25:45 V/Net 313521996: Recv: friendlist.GetTroopMemberListReq[0m
[0m2022-07-25 10:25:45 V/Net 313521996: Recv: friendlist.GetTroopMemberListReq[0m
[0m2022-07-25 10:25:45 V/Net 313521996: Send: friendlist.GetTroopMemberListReq(friendlist.GetTroopMemberListReq)[0m
[0m2022-07-25 10:25:45 V/Net 313521996: Send: friendlist.GetTroopMemberListReq(friendlist.GetTroopMemberListReq)[0m
[0m2022-07-25 10:25:45 V/Net 313521996: Send: friendlist.GetTroopMemberListReq(friendlist.GetTroopMemberListReq)[0m
[0m2022-07-25 10:25:45 V/Net 313521996: Recv: friendlist.GetTroopMemberListReq[0m
[0m2022-07-25 10:25:45 V/Net 313521996: Recv: friendlist.GetTroopMemberListReq[0m
[0m2022-07-25 10:25:45 V/Net 313521996: Send: friendlist.GetTroopMemberListReq(friendlist.GetTroopMemberListReq)[0m
[0m2022-07-25 10:25:45 V/Net 313521996: Send: friendlist.GetTroopMemberListReq(friendlist.GetTroopMemberListReq)[0m
[0m2022-07-25 10:25:45 V/Net 313521996: Recv: friendlist.GetTroopMemberListReq[0m
[0m2022-07-25 10:25:45 V/Net 313521996: Send: friendlist.GetTroopMemberListReq(friendlist.GetTroopMemberListReq)[0m
[0m2022-07-25 10:25:45 V/Net 313521996: Recv: friendlist.GetTroopMemberListReq[0m
[0m2022-07-25 10:25:45 V/Net 313521996: Send: friendlist.GetTroopMemberListReq(friendlist.GetTroopMemberListReq)[0m
[0m2022-07-25 10:25:45 V/Net 313521996: Recv: friendlist.GetTroopMemberListReq[0m
[0m2022-07-25 10:25:45 V/Net 313521996: Send: friendlist.GetTroopMemberListReq(friendlist.GetTroopMemberListReq)[0m
[0m2022-07-25 10:25:45 V/Net 313521996: Recv: friendlist.GetTroopMemberListReq[0m
[0m2022-07-25 10:25:45 V/Net 313521996: Recv: friendlist.GetTroopMemberListReq[0m
[0m2022-07-25 10:25:45 V/Net 313521996: Send: friendlist.GetTroopMemberListReq(friendlist.GetTroopMemberListReq)[0m
[0m2022-07-25 10:25:45 V/Net 313521996: Send: friendlist.GetTroopMemberListReq(friendlist.GetTroopMemberListReq)[0m
[0m2022-07-25 10:25:45 V/Net 313521996: Recv: friendlist.GetTroopMemberListReq[0m
[0m2022-07-25 10:25:45 V/Net 313521996: Recv: friendlist.GetTroopMemberListReq[0m
[0m2022-07-25 10:25:45 V/Net 313521996: Send: friendlist.GetTroopMemberListReq(friendlist.GetTroopMemberListReq)[0m
[0m2022-07-25 10:25:45 V/Net 313521996: Recv: friendlist.GetTroopMemberListReq[0m
[0m2022-07-25 10:25:45 V/Net 313521996: Recv: friendlist.GetTroopMemberListReq[0m
[0m2022-07-25 10:25:45 V/Net 313521996: Recv: friendlist.GetTroopMemberListReq[0m
[0m2022-07-25 10:25:45 V/Net 313521996: Recv: friendlist.GetTroopMemberListReq[0m
[0m2022-07-25 10:25:45 V/Net 313521996: Send: friendlist.GetTroopMemberListReq(friendlist.GetTroopMemberListReq)[0m
[0m2022-07-25 10:25:45 V/Net 313521996: Send: friendlist.GetTroopMemberListReq(friendlist.GetTroopMemberListReq)[0m
[0m2022-07-25 10:25:45 V/Net 313521996: Recv: friendlist.GetTroopMemberListReq[0m
[0m2022-07-25 10:25:45 V/Net 313521996: Recv: friendlist.GetTroopMemberListReq[0m
[0m2022-07-25 10:25:45 V/Net 313521996: Send: friendlist.GetTroopMemberListReq(friendlist.GetTroopMemberListReq)[0m
[0m2022-07-25 10:25:45 V/Net 313521996: Send: friendlist.GetTroopMemberListReq(friendlist.GetTroopMemberListReq)[0m
[0m2022-07-25 10:25:45 V/Net 313521996: Send: friendlist.GetTroopMemberListReq(friendlist.GetTroopMemberListReq)[0m
[0m2022-07-25 10:25:45 V/Net 313521996: Recv: friendlist.GetTroopMemberListReq[0m
[0m2022-07-25 10:25:45 V/Net 313521996: Recv: friendlist.GetTroopMemberListReq[0m
[0m2022-07-25 10:25:45 V/Net 313521996: Recv: friendlist.GetTroopMemberListReq[0m
[0m2022-07-25 10:25:45 V/Net 313521996: Recv: friendlist.GetTroopMemberListReq[0m
[0m2022-07-25 10:25:45 V/Net 313521996: Recv: friendlist.GetTroopMemberListReq[0m
[0m2022-07-25 10:25:45 V/Net 313521996: Recv: friendlist.GetTroopMemberListReq[0m
[0m2022-07-25 10:25:45 V/Net 313521996: Recv: friendlist.getFriendGroupList[0m
[0m2022-07-25 10:25:45 V/Net 313521996: Loading friend list: 600/667[0m
[0m2022-07-25 10:25:45 V/Net 313521996: Send: friendlist.getFriendGroupList(friendlist.getFriendGroupList)[0m
[0m2022-07-25 10:25:45 V/Net 313521996: Recv: friendlist.GetTroopMemberListReq[0m
[0m2022-07-25 10:25:45 V/Net 313521996: Recv: friendlist.GetTroopMemberListReq[0m
[0m2022-07-25 10:25:45 V/Net 313521996: Recv: friendlist.GetTroopMemberListReq[0m
[0m2022-07-25 10:25:45 V/Net 313521996: Recv: friendlist.GetTroopMemberListReq[0m
[0m2022-07-25 10:25:45 V/Net 313521996: Recv: friendlist.GetTroopMemberListReq[0m
[0m2022-07-25 10:25:45 V/Net 313521996: Recv: friendlist.GetTroopMemberListReq[0m
[0m2022-07-25 10:25:45 V/Net 313521996: Recv: friendlist.GetTroopMemberListReq[0m
[0m2022-07-25 10:25:45 V/Net 313521996: Recv: friendlist.GetTroopMemberListReq[0m
[0m2022-07-25 10:25:45 V/Net 313521996: Recv: friendlist.GetTroopMemberListReq[0m
[0m2022-07-25 10:25:45 V/Net 313521996: Recv: friendlist.GetTroopMemberListReq[0m
[0m2022-07-25 10:25:45 V/Net 313521996: Recv: friendlist.GetTroopMemberListReq[0m
[0m2022-07-25 10:25:45 V/Net 313521996: Recv: friendlist.GetTroopMemberListReq[0m
[0m2022-07-25 10:25:45 V/Net 313521996: Send: friendlist.GetTroopMemberListReq(friendlist.GetTroopMemberListReq)[0m
[0m2022-07-25 10:25:45 V/Net 313521996: Recv: friendlist.GetTroopMemberListReq[0m
[0m2022-07-25 10:25:45 V/Net 313521996: Send: friendlist.GetTroopMemberListReq(friendlist.GetTroopMemberListReq)[0m
[0m2022-07-25 10:25:45 V/Net 313521996: Recv: friendlist.getFriendGroupList[0m
[0m2022-07-25 10:25:45 V/Net 313521996: Loading friend list: 667/667[0m
[92m2022-07-25 10:25:45 I/Net 313521996: Successfully loaded friend list: 667 in total[0m
[92m2022-07-25 10:25:46 I/Net 313521996: Server list: 42.81.193.250:80, 114.222.113.185:8080, 123.151.54.91:443, 183.47.102.165:14000, 183.47.102.213:14000, 180.101.246.49:80, 183.47.106.104:8080, 180.109.192.45:8080, 42.81.192.141:443, msfwifi.3g.qq.com:8080.[0m
[0m2022-07-25 10:25:46 V/Net 313521996: No BdhSession to save to cache[0m
[0m2022-07-25 10:25:46 V/Net 313521996: Saving server list to cache[0m
[0m2022-07-25 10:25:46 V/Net 313521996: Send: ConfigPushSvc.PushResp(ConfigPushSvc.PushResp)[0m
[0m2022-07-25 10:25:46 V/Net 313521996: Recv: ConfigPushSvc.PushReq[0m
[0m2022-07-25 10:25:46 V/Net 313521996: Recv: friendlist.GetTroopMemberListReq[0m
[0m2022-07-25 10:25:46 V/Net 313521996: Recv: friendlist.GetTroopMemberListReq[0m
[0m2022-07-25 10:25:46 V/Net 313521996: Saving bdh session to cache[0m
[0m2022-07-25 10:25:46 V/Net 313521996: Send: ConfigPushSvc.PushResp(ConfigPushSvc.PushResp)[0m
[0m2022-07-25 10:25:46 V/Net 313521996: Recv: ConfigPushSvc.PushReq[0m
[0m2022-07-25 10:25:46 V/Net 313521996: Recv: friendlist.GetTroopMemberListReq[0m
[0m2022-07-25 10:25:46 V/Net 313521996: Send: friendlist.GetTroopMemberListReq(friendlist.GetTroopMemberListReq)[0m
[0m2022-07-25 10:25:46 V/Net 313521996: Recv: friendlist.GetTroopMemberListReq[0m
[0m2022-07-25 10:25:46 V/Net 313521996: Recv: friendlist.GetTroopMemberListReq[0m
[0m2022-07-25 10:25:46 V/Net 313521996: Recv: friendlist.GetTroopMemberListReq[0m
[0m2022-07-25 10:25:46 V/Net 313521996: Send: friendlist.GetTroopMemberListReq(friendlist.GetTroopMemberListReq)[0m
[0m2022-07-25 10:25:46 V/Net 313521996: Recv: friendlist.GetTroopMemberListReq[0m
[0m2022-07-25 10:25:46 V/Net 313521996: Recv: friendlist.GetTroopMemberListReq[0m
[0m2022-07-25 10:25:46 V/Net 313521996: Send: friendlist.GetTroopMemberListReq(friendlist.GetTroopMemberListReq)[0m
[0m2022-07-25 10:25:46 V/Net 313521996: Recv: friendlist.GetTroopMemberListReq[0m
[0m2022-07-25 10:25:46 V/Net 313521996: Send: friendlist.GetTroopMemberListReq(friendlist.GetTroopMemberListReq)[0m
[0m2022-07-25 10:25:46 V/Net 313521996: Recv: friendlist.GetTroopMemberListReq[0m
[0m2022-07-25 10:25:46 V/Net 313521996: Recv: friendlist.GetTroopMemberListReq[0m
[0m2022-07-25 10:25:46 V/Net 313521996: Send: friendlist.GetTroopMemberListReq(friendlist.GetTroopMemberListReq)[0m
[0m2022-07-25 10:25:46 V/Net 313521996: Send: friendlist.GetTroopMemberListReq(friendlist.GetTroopMemberListReq)[0m
[0m2022-07-25 10:25:46 V/Net 313521996: Recv: friendlist.GetTroopMemberListReq[0m
[0m2022-07-25 10:25:46 V/Net 313521996: Send: friendlist.GetTroopMemberListReq(friendlist.GetTroopMemberListReq)[0m
[0m2022-07-25 10:25:46 V/Net 313521996: Recv: friendlist.GetTroopMemberListReq[0m
[0m2022-07-25 10:25:46 V/Net 313521996: Send: friendlist.GetTroopMemberListReq(friendlist.GetTroopMemberListReq)[0m
[0m2022-07-25 10:25:46 V/Net 313521996: Recv: friendlist.GetTroopMemberListReq[0m
[0m2022-07-25 10:25:46 V/Net 313521996: Send: friendlist.GetTroopMemberListReq(friendlist.GetTroopMemberListReq)[0m
[0m2022-07-25 10:25:46 V/Net 313521996: Recv: friendlist.GetTroopMemberListReq[0m
[0m2022-07-25 10:25:46 V/Net 313521996: Send: friendlist.GetTroopMemberListReq(friendlist.GetTroopMemberListReq)[0m
[0m2022-07-25 10:25:46 V/Net 313521996: Recv: friendlist.GetTroopMemberListReq[0m
[0m2022-07-25 10:25:46 V/Net 313521996: Send: friendlist.GetTroopMemberListReq(friendlist.GetTroopMemberListReq)[0m
[0m2022-07-25 10:25:46 V/Net 313521996: Recv: friendlist.GetTroopMemberListReq[0m
[0m2022-07-25 10:25:46 V/Net 313521996: Send: friendlist.GetTroopMemberListReq(friendlist.GetTroopMemberListReq)[0m
[0m2022-07-25 10:25:46 V/Net 313521996: Recv: friendlist.GetTroopMemberListReq[0m
[0m2022-07-25 10:25:46 V/Net 313521996: Recv: friendlist.GetTroopMemberListReq[0m
[0m2022-07-25 10:25:46 V/Net 313521996: Send: friendlist.GetTroopMemberListReq(friendlist.GetTroopMemberListReq)[0m
[0m2022-07-25 10:25:46 V/Net 313521996: Recv: friendlist.GetTroopMemberListReq[0m
[0m2022-07-25 10:25:46 V/Net 313521996: Send: friendlist.GetTroopMemberListReq(friendlist.GetTroopMemberListReq)[0m
[0m2022-07-25 10:25:46 V/Net 313521996: Recv: friendlist.GetTroopMemberListReq[0m
[0m2022-07-25 10:25:46 V/Net 313521996: Send: friendlist.GetTroopMemberListReq(friendlist.GetTroopMemberListReq)[0m
[0m2022-07-25 10:25:46 V/Net 313521996: Recv: friendlist.GetTroopMemberListReq[0m
[0m2022-07-25 10:25:46 V/Net 313521996: Send: friendlist.GetTroopMemberListReq(friendlist.GetTroopMemberListReq)[0m
[0m2022-07-25 10:25:46 V/Net 313521996: Recv: friendlist.GetTroopMemberListReq[0m
[0m2022-07-25 10:25:46 V/Net 313521996: Send: friendlist.GetTroopMemberListReq(friendlist.GetTroopMemberListReq)[0m
[0m2022-07-25 10:25:47 V/Net 313521996: Recv: friendlist.GetTroopMemberListReq[0m
[0m2022-07-25 10:25:47 V/Net 313521996: Send: friendlist.GetTroopMemberListReq(friendlist.GetTroopMemberListReq)[0m
[0m2022-07-25 10:25:47 V/Net 313521996: Recv: friendlist.GetTroopMemberListReq[0m
[0m2022-07-25 10:25:47 V/Net 313521996: Send: friendlist.GetTroopMemberListReq(friendlist.GetTroopMemberListReq)[0m
[0m2022-07-25 10:25:47 V/Net 313521996: Recv: friendlist.GetTroopMemberListReq[0m
[0m2022-07-25 10:25:47 V/Net 313521996: Send: friendlist.GetTroopMemberListReq(friendlist.GetTroopMemberListReq)[0m
[0m2022-07-25 10:25:47 V/Net 313521996: Send: friendlist.GetTroopMemberListReq(friendlist.GetTroopMemberListReq)[0m
[0m2022-07-25 10:25:47 V/Net 313521996: Recv: friendlist.GetTroopMemberListReq[0m
[0m2022-07-25 10:25:47 V/Net 313521996: Recv: friendlist.GetTroopMemberListReq[0m
[0m2022-07-25 10:25:47 V/Net 313521996: Send: friendlist.GetTroopMemberListReq(friendlist.GetTroopMemberListReq)[0m
[0m2022-07-25 10:25:47 V/Net 313521996: Recv: friendlist.GetTroopMemberListReq[0m
[0m2022-07-25 10:25:47 V/Net 313521996: Send: friendlist.GetTroopMemberListReq(friendlist.GetTroopMemberListReq)[0m
[0m2022-07-25 10:25:47 V/Net 313521996: Recv: friendlist.GetTroopMemberListReq[0m
[0m2022-07-25 10:25:47 V/Net 313521996: Send: friendlist.GetTroopMemberListReq(friendlist.GetTroopMemberListReq)[0m
[0m2022-07-25 10:25:47 V/Net 313521996: Recv: friendlist.GetTroopMemberListReq[0m
[0m2022-07-25 10:25:47 V/Net 313521996: Send: friendlist.GetTroopMemberListReq(friendlist.GetTroopMemberListReq)[0m
[0m2022-07-25 10:25:47 V/Net 313521996: Recv: friendlist.GetTroopMemberListReq[0m
[0m2022-07-25 10:25:47 V/Net 313521996: Send: friendlist.GetTroopMemberListReq(friendlist.GetTroopMemberListReq)[0m
[0m2022-07-25 10:25:47 V/Net 313521996: Recv: friendlist.GetTroopMemberListReq[0m
[0m2022-07-25 10:25:47 V/Net 313521996: Send: friendlist.GetTroopMemberListReq(friendlist.GetTroopMemberListReq)[0m
[0m2022-07-25 10:25:47 V/Net 313521996: Recv: friendlist.GetTroopMemberListReq[0m
[0m2022-07-25 10:25:47 V/Net 313521996: Recv: friendlist.GetTroopMemberListReq[0m
[0m2022-07-25 10:25:47 V/Net 313521996: Send: friendlist.GetTroopMemberListReq(friendlist.GetTroopMemberListReq)[0m
[0m2022-07-25 10:25:47 V/Net 313521996: Recv: friendlist.GetTroopMemberListReq[0m
[0m2022-07-25 10:25:48 V/Net 313521996: Recv: friendlist.GetTroopMemberListReq[0m
[0m2022-07-25 10:25:48 V/Net 313521996: Send: friendlist.GetTroopMemberListReq(friendlist.GetTroopMemberListReq)[0m
[0m2022-07-25 10:25:48 V/Net 313521996: Recv: friendlist.GetTroopMemberListReq[0m
[0m2022-07-25 10:25:48 V/Net 313521996: Send: friendlist.GetTroopMemberListReq(friendlist.GetTroopMemberListReq)[0m
[0m2022-07-25 10:25:48 V/Net 313521996: Recv: friendlist.GetTroopMemberListReq[0m
[0m2022-07-25 10:25:48 V/Net 313521996: Send: friendlist.GetTroopMemberListReq(friendlist.GetTroopMemberListReq)[0m
[0m2022-07-25 10:25:48 V/Net 313521996: Recv: friendlist.GetTroopMemberListReq[0m
[0m2022-07-25 10:25:48 V/Net 313521996: Recv: friendlist.GetTroopMemberListReq[0m
[0m2022-07-25 10:25:48 V/Net 313521996: Send: friendlist.GetTroopMemberListReq(friendlist.GetTroopMemberListReq)[0m
[0m2022-07-25 10:25:48 V/Net 313521996: Recv: friendlist.GetTroopMemberListReq[0m
[0m2022-07-25 10:25:48 V/Net 313521996: Send: friendlist.GetTroopMemberListReq(friendlist.GetTroopMemberListReq)[0m
[0m2022-07-25 10:25:48 V/Net 313521996: Recv: friendlist.GetTroopMemberListReq[0m
[0m2022-07-25 10:25:48 V/Net 313521996: Send: friendlist.GetTroopMemberListReq(friendlist.GetTroopMemberListReq)[0m
[0m2022-07-25 10:25:48 V/Net 313521996: Recv: friendlist.GetTroopMemberListReq[0m
[0m2022-07-25 10:25:48 V/Net 313521996: Send: friendlist.GetTroopMemberListReq(friendlist.GetTroopMemberListReq)[0m
[0m2022-07-25 10:25:49 V/Net 313521996: Recv: friendlist.GetTroopMemberListReq[0m
[0m2022-07-25 10:25:49 V/Net 313521996: Recv: friendlist.GetTroopMemberListReq[0m
[0m2022-07-25 10:25:49 V/Net 313521996: Send: friendlist.GetTroopMemberListReq(friendlist.GetTroopMemberListReq)[0m
[0m2022-07-25 10:25:49 V/Net 313521996: Recv: friendlist.GetTroopMemberListReq[0m
[0m2022-07-25 10:25:49 V/Net 313521996: Send: friendlist.GetTroopMemberListReq(friendlist.GetTroopMemberListReq)[0m
[0m2022-07-25 10:25:49 V/Net 313521996: Recv: friendlist.GetTroopMemberListReq[0m
[92m2022-07-25 10:25:49 I/Net 313521996: Successfully loaded group list: 58 in total.[0m
[92m2022-07-25 10:25:49 I/Net 313521996: Scheduled refresh login session in 19d 23h 55min 0.0s.[0m
[92m2022-07-25 10:25:49 I/Net 313521996: Scheduled key refresh in 23h 55min 0.0s.[0m
[96m2022-07-25 10:26:37 D/Net 313521996: Unknown MsgInfo kind 736, data=0C 19 00 01 0A 01 6B 78 0B[0m
[96m2022-07-25 10:32:38 D/Net 313521996: Unknown MsgInfo kind 736, data=0C 19 00 01 0A 01 6B 78 0B[0m
[96m2022-07-25 10:38:38 D/Net 313521996: Unknown MsgInfo kind 736, data=0C 19 00 01 0A 01 6B 78 0B[0m
[96m2022-07-25 10:44:38 D/Net 313521996: Unknown MsgInfo kind 736, data=0C 19 00 01 0A 01 6B 78 0B[0m
[96m2022-07-25 10:50:39 D/Net 313521996: Unknown MsgInfo kind 736, data=0C 19 00 01 0A 01 6B 78 0B[0m
[96m2022-07-25 10:56:38 D/Net 313521996: Unknown MsgInfo kind 736, data=0C 19 00 01 0A 01 6B 78 0B[0m
[96m2022-07-25 11:00:03 D/Net 313521996: Transformers528 0x27L: ProfileChanged new data: net.mamoe.mirai.internal.network.protocol.data.proto.Submsgtype0x27$SubMsgType0x27$ModProfile@3bc93769[0m
[96m2022-07-25 11:00:03 D/Net 313521996: Transformers528 0x27L: ProfileChanged new data: net.mamoe.mirai.internal.network.protocol.data.proto.Submsgtype0x27$SubMsgType0x27$ModProfile@63b97868[0m
[96m2022-07-25 11:00:04 D/Net 313521996: Transformers528 0x27L: ProfileChanged new data: net.mamoe.mirai.internal.network.protocol.data.proto.Submsgtype0x27$SubMsgType0x27$ModProfile@735c98e1[0m
[91m2022-07-25 11:01:23 W/Net 313521996: net.mamoe.mirai.internal.network.impl.netty.ForceOfflineException: ä½ çš„QQå·äº11:01åœ¨ã€V2055Aã€‘è®¾å¤‡ç™»å½•ï¼Œå½“å‰è®¾å¤‡å·²ä¸‹çº¿ã€‚å¦‚æœè¿™ä¸æ˜¯ä½ æœ¬äººæ“ä½œï¼Œé‚£ä¹ˆä½ çš„QQå¯†ç å¯èƒ½å·²ç»æ³„éœ²ï¼Œè¯·å°½å¿«é‡æ–°ç™»å½•å¹¶ä¿®æ”¹å¯†ç ã€‚
net.mamoe.mirai.internal.network.impl.netty.ForceOfflineException: ä½ çš„QQå·äº11:01åœ¨ã€V2055Aã€‘è®¾å¤‡ç™»å½•ï¼Œå½“å‰è®¾å¤‡å·²ä¸‹çº¿ã€‚å¦‚æœè¿™ä¸æ˜¯ä½ æœ¬äººæ“ä½œï¼Œé‚£ä¹ˆä½ çš„QQå¯†ç å¯èƒ½å·²ç»æ³„éœ²ï¼Œè¯·å°½å¿«é‡æ–°ç™»å½•å¹¶ä¿®æ”¹å¯†ç ã€‚
	at net.mamoe.mirai.internal.network.protocol.packet.chat.receive.MessageSvcPushForceOffline.handle(MessageSvc.PushForceOffline.kt:35)
	at net.mamoe.mirai.internal.network.protocol.packet.chat.receive.MessageSvcPushForceOffline.handle(MessageSvc.PushForceOffline.kt:25)
	at net.mamoe.mirai.internal.network.components.CallPacketFactoryPacketHandler.handlePacket(PacketHandler.kt:110)
	at net.mamoe.mirai.internal.network.components.PacketHandlerChain.handlePacket(PacketHandler.kt:42)
	at net.mamoe.mirai.internal.network.handler.NetworkHandlerSupport$collectReceived$3.invokeSuspend(NetworkHandlerSupport.kt:90)
	at net.mamoe.mirai.internal.network.handler.NetworkHandlerSupport$collectReceived$3.invoke(NetworkHandlerSupport.kt)
	at net.mamoe.mirai.internal.network.handler.NetworkHandlerSupport$collectReceived$3.invoke(NetworkHandlerSupport.kt)
	at kotlinx.coroutines.intrinsics.UndispatchedKt.startCoroutineUndispatched(Undispatched.kt:55)
	at kotlinx.coroutines.CoroutineStart.invoke(CoroutineStart.kt:112)
	at kotlinx.coroutines.AbstractCoroutine.start(AbstractCoroutine.kt:126)
	at kotlinx.coroutines.BuildersKt__Builders_commonKt.launch(Builders.common.kt:56)
	at kotlinx.coroutines.BuildersKt.launch(Unknown Source)
	at kotlinx.coroutines.BuildersKt__Builders_commonKt.launch$default(Builders.common.kt:47)
	at kotlinx.coroutines.BuildersKt.launch$default(Unknown Source)
	at net.mamoe.mirai.internal.network.handler.NetworkHandlerSupport.collectReceived$mirai_core(NetworkHandlerSupport.kt:88)
	at net.mamoe.mirai.internal.network.impl.netty.NettyNetworkHandler$PacketDecodePipeline$send$1.invokeSuspend(NettyNetworkHandler.kt:192)
	at kotlin.coroutines.jvm.internal.BaseContinuationImpl.resumeWith(ContinuationImpl.kt:33)
	at kotlinx.coroutines.DispatchedTask.run(DispatchedTask.kt:106)
	at io.netty.util.concurrent.AbstractEventExecutor.safeExecute(AbstractEventExecutor.java:164)
	at io.netty.util.concurrent.SingleThreadEventExecutor.runAllTasks(SingleThreadEventExecutor.java:472)
	at io.netty.channel.nio.NioEventLoop.run(NioEventLoop.java:500)
	at io.netty.util.concurrent.SingleThreadEventExecutor$4.run(SingleThreadEventExecutor.java:989)
	at io.netty.util.internal.ThreadExecutorMap$2.run(ThreadExecutorMap.java:74)
	at io.netty.util.concurrent.FastThreadLocalRunnable.run(FastThreadLocalRunnable.java:30)
	at java.base/java.lang.Thread.run(Thread.java:833)
[0m
[0m2022-07-25 11:01:23 V/Net 313521996: Recv: MessageSvc.PushForceOffline[0m
[0m2022-07-25 11:01:23 V/Net 313521996: Loading server list from cache.[0m
[92m2022-07-25 11:01:23 I/Net 313521996: Server list: 42.81.193.250:80, 114.222.113.185:8080, 123.151.54.91:443, 183.47.102.165:14000, 183.47.102.213:14000, 180.101.246.49:80, 183.47.106.104:8080, 180.109.192.45:8080, 42.81.192.141:443, msfwifi.3g.qq.com:8080.[0m
[92m2022-07-25 11:01:23 I/Net 313521996: ECDH key is invalid, start to fetch ecdh public key from server.[0m
[92m2022-07-25 11:01:23 I/Net 313521996: Successfully fetched ecdh public key from server.[0m
[0m2022-07-25 11:01:23 V/Net 313521996: Send: wtlogin.login[0m
[0m2022-07-25 11:01:23 V/Net 313521996: Recv: wtlogin.login[0m
[0m2022-07-25 11:01:24 V/Net 313521996: Send: StatSvc.register(online)[0m
[92m2022-07-25 11:01:24 I/Net 313521996: Server time updated, serverTime: 1658718083, diff: -1ms=-0.001s[0m
[0m2022-07-25 11:01:24 V/Net 313521996: Recv: StatSvc.register[0m
[92m2022-07-25 11:01:24 I/Net 313521996: Scheduled key refresh in 23h 55min 0.0s.[0m
[92m2022-07-25 11:01:24 I/Net 313521996: Scheduled refresh login session in 19d 23h 55min 0.0s.[0m
[0m2022-07-25 11:01:27 V/Net 313521996: Recv: MessageSvc.PushForceOffline[0m
[91m2022-07-25 11:01:27 W/Net 313521996: net.mamoe.mirai.internal.network.impl.netty.ForceOfflineException: ä½ çš„QQå·äº11:01åœ¨ã€V2055Aã€‘è®¾å¤‡ç™»å½•ï¼Œå½“å‰è®¾å¤‡å·²ä¸‹çº¿ã€‚å¦‚æœè¿™ä¸æ˜¯ä½ æœ¬äººæ“ä½œï¼Œé‚£ä¹ˆä½ çš„QQå¯†ç å¯èƒ½å·²ç»æ³„éœ²ï¼Œè¯·å°½å¿«é‡æ–°ç™»å½•å¹¶ä¿®æ”¹å¯†ç ã€‚
net.mamoe.mirai.internal.network.impl.netty.ForceOfflineException: ä½ çš„QQå·äº11:01åœ¨ã€V2055Aã€‘è®¾å¤‡ç™»å½•ï¼Œå½“å‰è®¾å¤‡å·²ä¸‹çº¿ã€‚å¦‚æœè¿™ä¸æ˜¯ä½ æœ¬äººæ“ä½œï¼Œé‚£ä¹ˆä½ çš„QQå¯†ç å¯èƒ½å·²ç»æ³„éœ²ï¼Œè¯·å°½å¿«é‡æ–°ç™»å½•å¹¶ä¿®æ”¹å¯†ç ã€‚
	at net.mamoe.mirai.internal.network.protocol.packet.chat.receive.MessageSvcPushForceOffline.handle(MessageSvc.PushForceOffline.kt:35)
	at net.mamoe.mirai.internal.network.protocol.packet.chat.receive.MessageSvcPushForceOffline.handle(MessageSvc.PushForceOffline.kt:25)
	at net.mamoe.mirai.internal.network.components.CallPacketFactoryPacketHandler.handlePacket(PacketHandler.kt:110)
	at net.mamoe.mirai.internal.network.components.PacketHandlerChain.handlePacket(PacketHandler.kt:42)
	at net.mamoe.mirai.internal.network.handler.NetworkHandlerSupport$collectReceived$3.invokeSuspend(NetworkHandlerSupport.kt:90)
	at net.mamoe.mirai.internal.network.handler.NetworkHandlerSupport$collectReceived$3.invoke(NetworkHandlerSupport.kt)
	at net.mamoe.mirai.internal.network.handler.NetworkHandlerSupport$collectReceived$3.invoke(NetworkHandlerSupport.kt)
	at kotlinx.coroutines.intrinsics.UndispatchedKt.startCoroutineUndispatched(Undispatched.kt:55)
	at kotlinx.coroutines.CoroutineStart.invoke(CoroutineStart.kt:112)
	at kotlinx.coroutines.AbstractCoroutine.start(AbstractCoroutine.kt:126)
	at kotlinx.coroutines.BuildersKt__Builders_commonKt.launch(Builders.common.kt:56)
	at kotlinx.coroutines.BuildersKt.launch(Unknown Source)
	at kotlinx.coroutines.BuildersKt__Builders_commonKt.launch$default(Builders.common.kt:47)
	at kotlinx.coroutines.BuildersKt.launch$default(Unknown Source)
	at net.mamoe.mirai.internal.network.handler.NetworkHandlerSupport.collectReceived$mirai_core(NetworkHandlerSupport.kt:88)
	at net.mamoe.mirai.internal.network.impl.netty.NettyNetworkHandler$PacketDecodePipeline$send$1.invokeSuspend(NettyNetworkHandler.kt:192)
	at kotlin.coroutines.jvm.internal.BaseContinuationImpl.resumeWith(ContinuationImpl.kt:33)
	at kotlinx.coroutines.DispatchedTask.run(DispatchedTask.kt:106)
	at io.netty.util.concurrent.AbstractEventExecutor.safeExecute(AbstractEventExecutor.java:164)
	at io.netty.util.concurrent.SingleThreadEventExecutor.runAllTasks(SingleThreadEventExecutor.java:472)
	at io.netty.channel.nio.NioEventLoop.run(NioEventLoop.java:500)
	at io.netty.util.concurrent.SingleThreadEventExecutor$4.run(SingleThreadEventExecutor.java:989)
	at io.netty.util.internal.ThreadExecutorMap$2.run(ThreadExecutorMap.java:74)
	at io.netty.util.concurrent.FastThreadLocalRunnable.run(FastThreadLocalRunnable.java:30)
	at java.base/java.lang.Thread.run(Thread.java:833)
[0m
[31m2022-07-25 11:01:27 E/Net 313521996: Exception in decoding packet.
java.lang.IllegalStateException: wLoginSigInfoField is not yet initialized
	at net.mamoe.mirai.internal.network.components.AccountSecrets.getWLoginSigInfo(AccountSecretsManager.kt:55)
	at net.mamoe.mirai.internal.network.QQAndroidClient.getWLoginSigInfo(QQAndroidClient.kt)
	at net.mamoe.mirai.internal.network.protocol.packet.login.StatSvc$GetDevLoginInfo.invoke(StatSvc.kt:427)
	at net.mamoe.mirai.internal.MiraiImpl.getOnlineOtherClientsList$suspendImpl(MiraiImpl.kt:276)
	at net.mamoe.mirai.internal.MiraiImpl.getOnlineOtherClientsList(MiraiImpl.kt)
	at net.mamoe.mirai.IMirai.getOnlineOtherClientsList$default(IMirai.kt:287)
	at net.mamoe.mirai.internal.network.protocol.packet.login.StatSvc$SvcReqMSFLoginNotify.decode(StatSvc.kt:340)
	at net.mamoe.mirai.internal.network.components.PacketCodecImpl.processBody(PacketCodec.kt:421)
	at net.mamoe.mirai.internal.network.impl.netty.NettyNetworkHandler$PacketDecodePipeline$send$1.invokeSuspend(NettyNetworkHandler.kt:189)
	at kotlin.coroutines.jvm.internal.BaseContinuationImpl.resumeWith(ContinuationImpl.kt:33)
	at kotlinx.coroutines.DispatchedTask.run(DispatchedTask.kt:106)
	at io.netty.util.concurrent.AbstractEventExecutor.safeExecute(AbstractEventExecutor.java:164)
	at io.netty.util.concurrent.SingleThreadEventExecutor.runAllTasks(SingleThreadEventExecutor.java:472)
	at io.netty.channel.nio.NioEventLoop.run(NioEventLoop.java:500)
	at io.netty.util.concurrent.SingleThreadEventExecutor$4.run(SingleThreadEventExecutor.java:989)
	at io.netty.util.internal.ThreadExecutorMap$2.run(ThreadExecutorMap.java:74)
	at io.netty.util.concurrent.FastThreadLocalRunnable.run(FastThreadLocalRunnable.java:30)
	at java.base/java.lang.Thread.run(Thread.java:833)
[0m
[0m2022-07-25 11:01:27 V/Net 313521996: Loading server list from cache.[0m
[92m2022-07-25 11:01:27 I/Net 313521996: Server list: 42.81.193.250:80, 114.222.113.185:8080, 123.151.54.91:443, 183.47.102.165:14000, 183.47.102.213:14000, 180.101.246.49:80, 183.47.106.104:8080, 180.109.192.45:8080, 42.81.192.141:443, msfwifi.3g.qq.com:8080.[0m
[92m2022-07-25 11:01:27 I/Net 313521996: ECDH key is invalid, start to fetch ecdh public key from server.[0m
[92m2022-07-25 11:01:27 I/Net 313521996: Successfully fetched ecdh public key from server.[0m
[0m2022-07-25 11:01:27 V/Net 313521996: Send: wtlogin.login[0m
[0m2022-07-25 11:01:29 V/Net 313521996: Recv: wtlogin.login[0m
[0m2022-07-25 11:01:29 V/Net 313521996: Send: StatSvc.register(online)[0m
[92m2022-07-25 11:01:29 I/Net 313521996: Server time updated, serverTime: 1658718088, diff: -1ms=-0.001s[0m
[0m2022-07-25 11:01:29 V/Net 313521996: Recv: StatSvc.register[0m
[92m2022-07-25 11:01:29 I/Net 313521996: Scheduled key refresh in 23h 55min 0.0s.[0m
[92m2022-07-25 11:01:29 I/Net 313521996: Scheduled refresh login session in 19d 23h 55min 0.0s.[0m
[0m2022-07-25 11:01:32 V/Net 313521996: Saving bdh session to cache[0m
[0m2022-07-25 11:01:32 V/Net 313521996: Send: ConfigPushSvc.PushResp(ConfigPushSvc.PushResp)[0m
[0m2022-07-25 11:01:32 V/Net 313521996: Recv: ConfigPushSvc.PushReq[0m
[0m2022-07-25 11:01:43 V/Net 313521996: Send: StatSvc.register(offline)[0m
