[0m2022-07-25 10:16:41 V/Net 19157703305: No server list cached.[0m
[92m2022-07-25 10:16:41 I/Net 19157703305: ECDH key is invalid, start to fetch ecdh public key from server.[0m
[92m2022-07-25 10:16:42 I/Net 19157703305: Successfully fetched ecdh public key from server.[0m
[0m2022-07-25 10:16:42 V/Net 19157703305: Send: wtlogin.login[0m
[0m2022-07-25 10:16:43 V/Net 19157703305: Recv: wtlogin.login[0m
[0m2022-07-25 10:16:46 V/Net 19157703305: Send: wtlogin.login[0m
[0m2022-07-25 10:16:47 V/Net 19157703305: Recv: wtlogin.login[0m
[0m2022-07-25 10:16:49 V/Net 19157703305: Send: wtlogin.login[0m
[0m2022-07-25 10:16:49 V/Net 19157703305: Recv: wtlogin.login[0m
[0m2022-07-25 10:16:51 V/Net 19157703305: Send: wtlogin.login[0m
[0m2022-07-25 10:16:51 V/Net 19157703305: Recv: wtlogin.login[0m
[0m2022-07-25 10:16:52 V/Net 19157703305: Send: wtlogin.login[0m
[0m2022-07-25 10:16:52 V/Net 19157703305: Recv: wtlogin.login[0m
[0m2022-07-25 10:16:53 V/Net 19157703305: Send: wtlogin.login[0m
[0m2022-07-25 10:16:53 V/Net 19157703305: Recv: wtlogin.login[0m
[0m2022-07-25 10:16:54 V/Net 19157703305: Send: wtlogin.login[0m
[0m2022-07-25 10:16:54 V/Net 19157703305: Recv: wtlogin.login[0m
[0m2022-07-25 10:16:55 V/Net 19157703305: Send: wtlogin.login[0m
[0m2022-07-25 10:16:55 V/Net 19157703305: Recv: wtlogin.login[0m
[0m2022-07-25 10:17:04 V/Net 19157703305: Send: wtlogin.login[0m
[0m2022-07-25 10:17:04 V/Net 19157703305: Recv: wtlogin.login[0m
[91m2022-07-25 10:17:04 W/Net 19157703305: net.mamoe.mirai.network.WrongPasswordException: Error(bot=Bot(19157703305), code=237, title=å®‰å…¨æé†’, message=å½“å‰ç™»å½•å­˜åœ¨å®‰å…¨é£é™©ï¼Œè¯·ä½¿ç”¨å¸¸ç”¨è®¾å¤‡æˆ–é€šè¿‡æ‰‹æœºå·ç™»å½•ã€‚, errorInfo=)
net.mamoe.mirai.network.WrongPasswordException: Error(bot=Bot(19157703305), code=237, title=å®‰å…¨æé†’, message=å½“å‰ç™»å½•å­˜åœ¨å®‰å…¨é£é™©ï¼Œè¯·ä½¿ç”¨å¸¸ç”¨è®¾å¤‡æˆ–é€šè¿‡æ‰‹æœºå·ç™»å½•ã€‚, errorInfo=)
	at net.mamoe.mirai.internal.network.components.SsoProcessorImpl$SlowLoginImpl.doLogin(SsoProcessor.kt:284)
	at net.mamoe.mirai.internal.network.components.SsoProcessorImpl$SlowLoginImpl$doLogin$1.invokeSuspend(SsoProcessor.kt)
	at kotlin.coroutines.jvm.internal.BaseContinuationImpl.resumeWith(ContinuationImpl.kt:33)
	at kotlinx.coroutines.internal.ScopeCoroutine.afterResume(Scopes.kt:33)
	at kotlinx.coroutines.AbstractCoroutine.resumeWith(AbstractCoroutine.kt:102)
	at kotlin.coroutines.jvm.internal.BaseContinuationImpl.resumeWith(ContinuationImpl.kt:46)
	at kotlinx.coroutines.DispatchedTask.run(DispatchedTask.kt:106)
	at kotlinx.coroutines.scheduling.CoroutineScheduler.runSafely(CoroutineScheduler.kt:570)
	at kotlinx.coroutines.scheduling.CoroutineScheduler$Worker.executeTask(CoroutineScheduler.kt:749)
	at kotlinx.coroutines.scheduling.CoroutineScheduler$Worker.runWorker(CoroutineScheduler.kt:677)
	at kotlinx.coroutines.scheduling.CoroutineScheduler$Worker.run(CoroutineScheduler.kt:664)
[0m
[0m2022-07-25 10:22:54 V/Net 19157703305: No server list cached.[0m
[92m2022-07-25 10:22:54 I/Net 19157703305: ECDH key is invalid, start to fetch ecdh public key from server.[0m
[92m2022-07-25 10:22:55 I/Net 19157703305: Successfully fetched ecdh public key from server.[0m
[0m2022-07-25 10:22:55 V/Net 19157703305: Send: wtlogin.login[0m
[0m2022-07-25 10:22:56 V/Net 19157703305: Recv: wtlogin.login[0m
[0m2022-07-25 10:23:42 V/Net 19157703305: Send: wtlogin.login[0m
[0m2022-07-25 10:23:42 V/Net 19157703305: Recv: wtlogin.login[0m
[91m2022-07-25 10:23:42 W/Net 19157703305: net.mamoe.mirai.network.WrongPasswordException: Error(bot=Bot(19157703305), code=1, title=ç™»å½•å¤±è´¥, message=å¸å·æˆ–å¯†ç é”™è¯¯ï¼Œè¯·é‡æ–°è¾“å…¥ã€‚, errorInfo=)
net.mamoe.mirai.network.WrongPasswordException: Error(bot=Bot(19157703305), code=1, title=ç™»å½•å¤±è´¥, message=å¸å·æˆ–å¯†ç é”™è¯¯ï¼Œè¯·é‡æ–°è¾“å…¥ã€‚, errorInfo=)
	at net.mamoe.mirai.internal.network.components.SsoProcessorImpl$SlowLoginImpl.doLogin(SsoProcessor.kt:284)
	at net.mamoe.mirai.internal.network.components.SsoProcessorImpl$SlowLoginImpl$doLogin$1.invokeSuspend(SsoProcessor.kt)
	at kotlin.coroutines.jvm.internal.BaseContinuationImpl.resumeWith(ContinuationImpl.kt:33)
	at kotlinx.coroutines.internal.ScopeCoroutine.afterResume(Scopes.kt:33)
	at kotlinx.coroutines.AbstractCoroutine.resumeWith(AbstractCoroutine.kt:102)
	at kotlin.coroutines.jvm.internal.BaseContinuationImpl.resumeWith(ContinuationImpl.kt:46)
	at kotlinx.coroutines.DispatchedTask.run(DispatchedTask.kt:106)
	at kotlinx.coroutines.scheduling.CoroutineScheduler.runSafely(CoroutineScheduler.kt:570)
	at kotlinx.coroutines.scheduling.CoroutineScheduler$Worker.executeTask(CoroutineScheduler.kt:749)
	at kotlinx.coroutines.scheduling.CoroutineScheduler$Worker.runWorker(CoroutineScheduler.kt:677)
	at kotlinx.coroutines.scheduling.CoroutineScheduler$Worker.run(CoroutineScheduler.kt:664)
[0m
